<?xml version="1.0" encoding="UTF-8"?>
<!-- Generated by org.testng.reporters.JUnitReportReporter -->
<testsuite skipped="0" hostname="DESKTOP-6IDIIBT" name="demoGitHub.readDataFromTest" tests="1" failures="0" timestamp="14 Mar 2022 10:35:42 GMT" time="0.027" errors="0">
  <testcase name="read" time="0.027" classname="demoGitHub.readDataFromTest"/>
</testsuite> <!-- demoGitHub.readDataFromTest -->
